<?xml version="1.0" encoding="UTF-8"?>
<!-- Generated by org.testng.reporters.JUnitXMLReporter -->
<testsuite hostname="BIPACH" name="Endtoendregistereduser" tests="4" failures="0" timestamp="27 Dec 2017 21:32:22 GMT" time="100.418" errors="0">
  <testcase name="launchApplication" time="0.022" classname="MuMavenProject.ecommercewebsite.End2End_RegisteredUser_OrderItem"/>
  <testcase name="signin" time="3.577" classname="MuMavenProject.ecommercewebsite.End2End_RegisteredUser_OrderItem"/>
  <testcase name="createaccount" time="7.225" classname="MuMavenProject.ecommercewebsite.End2End_RegisteredUser_OrderItem"/>
  <testcase name="itemshopping" time="74.002" classname="MuMavenProject.ecommercewebsite.End2End_RegisteredUser_OrderItem"/>
</testsuite> <!-- Endtoendregistereduser -->
