<?xml version="1.0" encoding="UTF-8"?>
<testng-results skipped="0" failed="0" total="2" passed="2">
  <reporter-output>
  </reporter-output>
  <suite name="Authentication" duration-ms="117666" started-at="2018-01-09T20:27:41Z" finished-at="2018-01-09T20:29:38Z">
    <groups>
    </groups>
    <test name="Endtoendregistereduser" duration-ms="117666" started-at="2018-01-09T20:27:41Z" finished-at="2018-01-09T20:29:38Z">
      <class name="MuMavenProject.ecommercewebsite.TestCases.End2End_RegisteredUser_orderItem">
        <test-method status="PASS" signature="setup()[pri:0, instance:MuMavenProject.ecommercewebsite.TestCases.End2End_RegisteredUser_orderItem@3c0ecd4b]" name="setup" is-config="true" duration-ms="41226" started-at="2018-01-09T12:27:41Z" finished-at="2018-01-09T12:28:22Z">
          <reporter-output>
          </reporter-output>
        </test-method> <!-- setup -->
        <test-method status="PASS" signature="registereduserlogin(java.lang.String, java.lang.String)[pri:1, instance:MuMavenProject.ecommercewebsite.TestCases.End2End_RegisteredUser_orderItem@3c0ecd4b]" name="registereduserlogin" duration-ms="4568" started-at="2018-01-09T12:28:22Z" finished-at="2018-01-09T12:28:26Z">
          <params>
            <param index="0">
              <value>
                <![CDATA[miya@gmail.com]]>
              </value>
            </param>
            <param index="1">
              <value>
                <![CDATA[refresh123]]>
              </value>
            </param>
          </params>
          <reporter-output>
          </reporter-output>
        </test-method> <!-- registereduserlogin -->
        <test-method status="PASS" signature="itemshopping()[pri:2, instance:MuMavenProject.ecommercewebsite.TestCases.End2End_RegisteredUser_orderItem@3c0ecd4b]" name="itemshopping" duration-ms="71801" started-at="2018-01-09T12:28:26Z" finished-at="2018-01-09T12:29:38Z">
          <reporter-output>
          </reporter-output>
        </test-method> <!-- itemshopping -->
      </class> <!-- MuMavenProject.ecommercewebsite.TestCases.End2End_RegisteredUser_orderItem -->
    </test> <!-- Endtoendregistereduser -->
  </suite> <!-- Authentication -->
</testng-results>
