<?xml version="1.0" encoding="UTF-8"?>
<!-- Generated by org.testng.reporters.JUnitXMLReporter -->
<testsuite hostname="BIPACH" name="Endtoendregistereduser" tests="2" failures="0" timestamp="9 Jan 2018 20:29:38 GMT" time="117.666" errors="0">
  <testcase name="registereduserlogin" time="4.568" classname="MuMavenProject.ecommercewebsite.TestCases.End2End_RegisteredUser_orderItem"/>
  <testcase name="itemshopping" time="71.801" classname="MuMavenProject.ecommercewebsite.TestCases.End2End_RegisteredUser_orderItem"/>
</testsuite> <!-- Endtoendregistereduser -->
